<?xml version="1.0" encoding="UTF-8"?>
<testsuite xmlns:xsi="http://www.w3.org/2001/XMLSchema-instance" xsi:noNamespaceSchemaLocation="https://maven.apache.org/surefire/maven-surefire-plugin/xsd/surefire-test-report.xsd" name="com.mycompany.mavenproject2.SampleTest" time="0.263" tests="1" errors="0" skipped="0" failures="0">
  <properties>
    <property name="sun.desktop" value="windows"/>
    <property name="awt.toolkit" value="sun.awt.windows.WToolkit"/>
    <property name="file.encoding.pkg" value="sun.io"/>
    <property name="java.specification.version" value="1.8"/>
    <property name="sun.cpu.isalist" value="amd64"/>
    <property name="sun.jnu.encoding" value="Cp1252"/>
    <property name="java.class.path" value="C:\Users\cesar\OneDrive\Documentos\NetBeansProjects\mavenproject2\target\test-classes;C:\Users\cesar\OneDrive\Documentos\NetBeansProjects\mavenproject2\target\classes;C:\Users\cesar\.m2\repository\jakarta\platform\jakarta.jakartaee-api\8.0.0\jakarta.jakartaee-api-8.0.0.jar;C:\Users\cesar\.m2\repository\javax\enterprise\cdi-api\2.0\cdi-api-2.0.jar;C:\Users\cesar\.m2\repository\javax\el\javax.el-api\3.0.0\javax.el-api-3.0.0.jar;C:\Users\cesar\.m2\repository\javax\interceptor\javax.interceptor-api\1.2\javax.interceptor-api-1.2.jar;C:\Users\cesar\.m2\repository\javax\inject\javax.inject\1\javax.inject-1.jar;C:\Users\cesar\.m2\repository\javax\ws\rs\javax.ws.rs-api\2.1\javax.ws.rs-api-2.1.jar;C:\Users\cesar\.m2\repository\javax\json\bind\javax.json.bind-api\1.0\javax.json.bind-api-1.0.jar;C:\Users\cesar\.m2\repository\javax\json\javax.json-api\1.1\javax.json-api-1.1.jar;C:\Users\cesar\.m2\repository\javax\annotation\javax.annotation-api\1.3\javax.annotation-api-1.3.jar;C:\Users\cesar\.m2\repository\org\eclipse\microprofile\config\microprofile-config-api\1.3\microprofile-config-api-1.3.jar;C:\Users\cesar\.m2\repository\org\osgi\org.osgi.annotation.versioning\1.0.0\org.osgi.annotation.versioning-1.0.0.jar;C:\Users\cesar\.m2\repository\org\eclipse\microprofile\fault-tolerance\microprofile-fault-tolerance-api\2.0\microprofile-fault-tolerance-api-2.0.jar;C:\Users\cesar\.m2\repository\org\eclipse\microprofile\health\microprofile-health-api\2.0\microprofile-health-api-2.0.jar;C:\Users\cesar\.m2\repository\org\eclipse\microprofile\metrics\microprofile-metrics-api\2.0.0\microprofile-metrics-api-2.0.0.jar;C:\Users\cesar\.m2\repository\org\eclipse\microprofile\jwt\microprofile-jwt-auth-api\1.1\microprofile-jwt-auth-api-1.1.jar;C:\Users\cesar\.m2\repository\org\eclipse\microprofile\openapi\microprofile-openapi-api\1.1\microprofile-openapi-api-1.1.jar;C:\Users\cesar\.m2\repository\org\eclipse\microprofile\rest\client\microprofile-rest-client-api\1.3\microprofile-rest-client-api-1.3.jar;C:\Users\cesar\.m2\repository\org\eclipse\microprofile\opentracing\microprofile-opentracing-api\1.3\microprofile-opentracing-api-1.3.jar;C:\Users\cesar\.m2\repository\org\junit\jupiter\junit-jupiter\5.5.0\junit-jupiter-5.5.0.jar;C:\Users\cesar\.m2\repository\org\junit\jupiter\junit-jupiter-api\5.5.0\junit-jupiter-api-5.5.0.jar;C:\Users\cesar\.m2\repository\org\apiguardian\apiguardian-api\1.1.0\apiguardian-api-1.1.0.jar;C:\Users\cesar\.m2\repository\org\opentest4j\opentest4j\1.2.0\opentest4j-1.2.0.jar;C:\Users\cesar\.m2\repository\org\junit\platform\junit-platform-commons\1.5.0\junit-platform-commons-1.5.0.jar;C:\Users\cesar\.m2\repository\org\junit\jupiter\junit-jupiter-params\5.5.0\junit-jupiter-params-5.5.0.jar;C:\Users\cesar\.m2\repository\org\junit\jupiter\junit-jupiter-engine\5.5.0\junit-jupiter-engine-5.5.0.jar;C:\Users\cesar\.m2\repository\org\junit\platform\junit-platform-engine\1.5.0\junit-platform-engine-1.5.0.jar;C:\Users\cesar\.m2\repository\org\mockito\mockito-core\3.1.0\mockito-core-3.1.0.jar;C:\Users\cesar\.m2\repository\net\bytebuddy\byte-buddy\1.9.10\byte-buddy-1.9.10.jar;C:\Users\cesar\.m2\repository\net\bytebuddy\byte-buddy-agent\1.9.10\byte-buddy-agent-1.9.10.jar;C:\Users\cesar\.m2\repository\org\objenesis\objenesis\2.6\objenesis-2.6.jar;"/>
    <property name="java.vm.vendor" value="Oracle Corporation"/>
    <property name="sun.arch.data.model" value="64"/>
    <property name="user.variant" value=""/>
    <property name="java.vendor.url" value="http://java.oracle.com/"/>
    <property name="user.timezone" value="America/Mexico_City"/>
    <property name="java.vm.specification.version" value="1.8"/>
    <property name="os.name" value="Windows 10"/>
    <property name="sun.java.launcher" value="SUN_STANDARD"/>
    <property name="user.country" value="MX"/>
    <property name="sun.boot.library.path" value="C:\Program Files\Java\jdk1.8.0_111\jre\bin"/>
    <property name="sun.java.command" value="C:\Users\cesar\AppData\Local\Temp\surefire3111019036547769569\surefirebooter4222044491708149270.jar C:\Users\cesar\AppData\Local\Temp\surefire3111019036547769569 2021-08-28T22-12-11_930-jvmRun1 surefire4994201376719624458tmp surefire_08912803187924095812tmp"/>
    <property name="surefire.test.class.path" value="C:\Users\cesar\OneDrive\Documentos\NetBeansProjects\mavenproject2\target\test-classes;C:\Users\cesar\OneDrive\Documentos\NetBeansProjects\mavenproject2\target\classes;C:\Users\cesar\.m2\repository\jakarta\platform\jakarta.jakartaee-api\8.0.0\jakarta.jakartaee-api-8.0.0.jar;C:\Users\cesar\.m2\repository\javax\enterprise\cdi-api\2.0\cdi-api-2.0.jar;C:\Users\cesar\.m2\repository\javax\el\javax.el-api\3.0.0\javax.el-api-3.0.0.jar;C:\Users\cesar\.m2\repository\javax\interceptor\javax.interceptor-api\1.2\javax.interceptor-api-1.2.jar;C:\Users\cesar\.m2\repository\javax\inject\javax.inject\1\javax.inject-1.jar;C:\Users\cesar\.m2\repository\javax\ws\rs\javax.ws.rs-api\2.1\javax.ws.rs-api-2.1.jar;C:\Users\cesar\.m2\repository\javax\json\bind\javax.json.bind-api\1.0\javax.json.bind-api-1.0.jar;C:\Users\cesar\.m2\repository\javax\json\javax.json-api\1.1\javax.json-api-1.1.jar;C:\Users\cesar\.m2\repository\javax\annotation\javax.annotation-api\1.3\javax.annotation-api-1.3.jar;C:\Users\cesar\.m2\repository\org\eclipse\microprofile\config\microprofile-config-api\1.3\microprofile-config-api-1.3.jar;C:\Users\cesar\.m2\repository\org\osgi\org.osgi.annotation.versioning\1.0.0\org.osgi.annotation.versioning-1.0.0.jar;C:\Users\cesar\.m2\repository\org\eclipse\microprofile\fault-tolerance\microprofile-fault-tolerance-api\2.0\microprofile-fault-tolerance-api-2.0.jar;C:\Users\cesar\.m2\repository\org\eclipse\microprofile\health\microprofile-health-api\2.0\microprofile-health-api-2.0.jar;C:\Users\cesar\.m2\repository\org\eclipse\microprofile\metrics\microprofile-metrics-api\2.0.0\microprofile-metrics-api-2.0.0.jar;C:\Users\cesar\.m2\repository\org\eclipse\microprofile\jwt\microprofile-jwt-auth-api\1.1\microprofile-jwt-auth-api-1.1.jar;C:\Users\cesar\.m2\repository\org\eclipse\microprofile\openapi\microprofile-openapi-api\1.1\microprofile-openapi-api-1.1.jar;C:\Users\cesar\.m2\repository\org\eclipse\microprofile\rest\client\microprofile-rest-client-api\1.3\microprofile-rest-client-api-1.3.jar;C:\Users\cesar\.m2\repository\org\eclipse\microprofile\opentracing\microprofile-opentracing-api\1.3\microprofile-opentracing-api-1.3.jar;C:\Users\cesar\.m2\repository\org\junit\jupiter\junit-jupiter\5.5.0\junit-jupiter-5.5.0.jar;C:\Users\cesar\.m2\repository\org\junit\jupiter\junit-jupiter-api\5.5.0\junit-jupiter-api-5.5.0.jar;C:\Users\cesar\.m2\repository\org\apiguardian\apiguardian-api\1.1.0\apiguardian-api-1.1.0.jar;C:\Users\cesar\.m2\repository\org\opentest4j\opentest4j\1.2.0\opentest4j-1.2.0.jar;C:\Users\cesar\.m2\repository\org\junit\platform\junit-platform-commons\1.5.0\junit-platform-commons-1.5.0.jar;C:\Users\cesar\.m2\repository\org\junit\jupiter\junit-jupiter-params\5.5.0\junit-jupiter-params-5.5.0.jar;C:\Users\cesar\.m2\repository\org\junit\jupiter\junit-jupiter-engine\5.5.0\junit-jupiter-engine-5.5.0.jar;C:\Users\cesar\.m2\repository\org\junit\platform\junit-platform-engine\1.5.0\junit-platform-engine-1.5.0.jar;C:\Users\cesar\.m2\repository\org\mockito\mockito-core\3.1.0\mockito-core-3.1.0.jar;C:\Users\cesar\.m2\repository\net\bytebuddy\byte-buddy\1.9.10\byte-buddy-1.9.10.jar;C:\Users\cesar\.m2\repository\net\bytebuddy\byte-buddy-agent\1.9.10\byte-buddy-agent-1.9.10.jar;C:\Users\cesar\.m2\repository\org\objenesis\objenesis\2.6\objenesis-2.6.jar;"/>
    <property name="sun.cpu.endian" value="little"/>
    <property name="user.home" value="C:\Users\cesar"/>
    <property name="user.language" value="es"/>
    <property name="java.specification.vendor" value="Oracle Corporation"/>
    <property name="java.home" value="C:\Program Files\Java\jdk1.8.0_111\jre"/>
    <property name="basedir" value="C:\Users\cesar\OneDrive\Documentos\NetBeansProjects\mavenproject2"/>
    <property name="file.separator" value="\"/>
    <property name="line.separator" value="&#10;"/>
    <property name="java.vm.specification.vendor" value="Oracle Corporation"/>
    <property name="java.specification.name" value="Java Platform API Specification"/>
    <property name="java.awt.graphicsenv" value="sun.awt.Win32GraphicsEnvironment"/>
    <property name="surefire.real.class.path" value="C:\Users\cesar\AppData\Local\Temp\surefire3111019036547769569\surefirebooter4222044491708149270.jar"/>
    <property name="sun.boot.class.path" value="C:\Program Files\Java\jdk1.8.0_111\jre\lib\resources.jar;C:\Program Files\Java\jdk1.8.0_111\jre\lib\rt.jar;C:\Program Files\Java\jdk1.8.0_111\jre\lib\sunrsasign.jar;C:\Program Files\Java\jdk1.8.0_111\jre\lib\jsse.jar;C:\Program Files\Java\jdk1.8.0_111\jre\lib\jce.jar;C:\Program Files\Java\jdk1.8.0_111\jre\lib\charsets.jar;C:\Program Files\Java\jdk1.8.0_111\jre\lib\jfr.jar;C:\Program Files\Java\jdk1.8.0_111\jre\classes"/>
    <property name="user.script" value=""/>
    <property name="sun.management.compiler" value="HotSpot 64-Bit Tiered Compilers"/>
    <property name="java.runtime.version" value="1.8.0_111-b14"/>
    <property name="user.name" value="cesar"/>
    <property name="path.separator" value=";"/>
    <property name="os.version" value="10.0"/>
    <property name="java.endorsed.dirs" value="C:\Program Files\Java\jdk1.8.0_111\jre\lib\endorsed"/>
    <property name="java.runtime.name" value="Java(TM) SE Runtime Environment"/>
    <property name="file.encoding" value="UTF-8"/>
    <property name="java.vm.name" value="Java HotSpot(TM) 64-Bit Server VM"/>
    <property name="maven.ext.class.path" value="C:\Program Files\NetBeans-12.4\netbeans\java\maven-nblib\netbeans-eventspy.jar"/>
    <property name="localRepository" value="C:\Users\cesar\.m2\repository"/>
    <property name="java.vendor.url.bug" value="http://bugreport.sun.com/bugreport/"/>
    <property name="java.io.tmpdir" value="C:\Users\cesar\AppData\Local\Temp\"/>
    <property name="java.version" value="1.8.0_111"/>
    <property name="user.dir" value="C:\Users\cesar\OneDrive\Documentos\NetBeansProjects\mavenproject2"/>
    <property name="os.arch" value="amd64"/>
    <property name="java.vm.specification.name" value="Java Virtual Machine Specification"/>
    <property name="java.awt.printerjob" value="sun.awt.windows.WPrinterJob"/>
    <property name="sun.os.patch.level" value=""/>
    <property name="java.library.path" value="C:\Program Files\Java\jdk1.8.0_111\jre\bin;C:\Windows\Sun\Java\bin;C:\Windows\system32;C:\Windows;C:\ProgramData\Oracle\Java\javapath;C:\Windows\system32;C:\Windows;C:\Windows\System32\Wbem;C:\Windows\System32\WindowsPowerShell\v1.0\;C:\Windows\System32\OpenSSH\;C:\Program Files\dotnet\;C:\Program Files\Microsoft SQL Server\130\Tools\Binn\;C:\Program Files\Microsoft SQL Server\Client SDK\ODBC\170\Tools\Binn\;C:\Program Files\Java\jdk1.8.0_111\bin;;C:\Program Files (x86)\Microchip\MPLAB C32 Suite\bin;C:\Program Files (x86)\NVIDIA Corporation\PhysX\Common;C:\Program Files (x86)\Microsoft SQL Server\150\Tools\Binn\;C:\Program Files\Microsoft SQL Server\150\Tools\Binn\;C:\Program Files\Microsoft SQL Server\150\DTS\Binn\;C:\Program Files (x86)\dotnet\;C:\Program Files\MySQL\MySQL Shell 8.0\bin\;C:\Users\cesar\anaconda32;C:\Users\cesar\anaconda32\Library\mingw-w64\bin;C:\Users\cesar\anaconda32\Library\usr\bin;C:\Users\cesar\anaconda32\Library\bin;C:\Users\cesar\anaconda32\Scripts;C:\Users\cesar\AppData\Local\Programs\Python\Launcher\;C:\BC5\BIN;C:\Users\cesar\AppData\Local\Microsoft\WindowsApps;C:\Users\cesar\.dotnet\tools;."/>
    <property name="java.vm.info" value="mixed mode"/>
    <property name="java.vendor" value="Oracle Corporation"/>
    <property name="java.vm.version" value="25.111-b14"/>
    <property name="java.ext.dirs" value="C:\Program Files\Java\jdk1.8.0_111\jre\lib\ext;C:\Windows\Sun\Java\lib\ext"/>
    <property name="sun.io.unicode.encoding" value="UnicodeLittle"/>
    <property name="java.class.version" value="52.0"/>
  </properties>
  <testcase name="simpleJUnit5Test" classname="com.mycompany.mavenproject2.SampleTest" time="0.164"/>
</testsuite>